<?xml version="1.0" encoding="utf-8"?><testsuites name="pytest tests"><testsuite name="pytest" errors="0" failures="0" skipped="0" tests="10" time="4.539" timestamp="2026-07-15T00:32:01.421407+00:00" hostname="agent-env-2ae9b630-39fb-4a7b-9528-7b9b3afb12fe"><testcase classname="backend.tests.test_auth_refresh_iter6" name="test_login_returns_user_and_cookies" time="0.486" /><testcase classname="backend.tests.test_auth_refresh_iter6" name="test_access_token_ttl_is_8_days" time="0.363" /><testcase classname="backend.tests.test_auth_refresh_iter6" name="test_refresh_token_ttl_is_30_days" time="0.336" /><testcase classname="backend.tests.test_auth_refresh_iter6" name="test_me_after_login" time="0.373" /><testcase classname="backend.tests.test_auth_refresh_iter6" name="test_refresh_endpoint_returns_ok_and_new_access" time="1.389" /><testcase classname="backend.tests.test_auth_refresh_iter6" name="test_me_after_refresh" time="0.526" /><testcase classname="backend.tests.test_auth_refresh_iter6" name="test_refresh_without_cookies_fails_401" time="0.123" /><testcase classname="backend.tests.test_auth_refresh_iter6" name="test_me_without_token_fails_401" time="0.097" /><testcase classname="backend.tests.test_auth_refresh_iter6" name="test_logout_clears_cookies" time="0.421" /><testcase classname="backend.tests.test_auth_refresh_iter6" name="test_login_wrong_password_fails_401" time="0.332" /></testsuite></testsuites>