<?xml version="1.0" encoding="utf-8"?><testsuites name="pytest tests"><testsuite name="pytest" errors="0" failures="1" skipped="0" tests="13" time="2.214" timestamp="2026-07-10T16:04:24.672159+00:00" hostname="agent-env-2ae9b630-39fb-4a7b-9528-7b9b3afb12fe"><testcase classname="backend.tests.test_suivi_cam_materiel" name="test_state_has_cam_section" time="0.658" /><testcase classname="backend.tests.test_suivi_cam_materiel" name="test_patch_allee_cam_auth_geo_gap_alert" time="0.121" /><testcase classname="backend.tests.test_suivi_cam_materiel" name="test_patch_allee_cam_add_comment_clears_needs_explanation" time="0.117" /><testcase classname="backend.tests.test_suivi_cam_materiel" name="test_patch_allee_cam_negative_422" time="0.064" /><testcase classname="backend.tests.test_suivi_cam_materiel" name="test_patch_allee_cam_bad_status_400" time="0.056" /><testcase classname="backend.tests.test_suivi_cam_materiel" name="test_patch_allee_cam_validate_marks_night_complete" time="0.111" /><testcase classname="backend.tests.test_suivi_cam_materiel" name="test_patch_allee_cam_terrain_public" time="0.356" /><testcase classname="backend.tests.test_suivi_cam_materiel" name="test_patch_allee_cam_terrain_negative_422" time="0.138" /><testcase classname="backend.tests.test_suivi_cam_materiel" name="test_materiel_overview_auth" time="0.056" /><testcase classname="backend.tests.test_suivi_cam_materiel" name="test_materiel_overview_terrain" time="0.212" /><testcase classname="backend.tests.test_suivi_cam_materiel" name="test_materiel_nuit_auth" time="0.058"><failure message="AssertionError: assert ('numero' in {'element': '12', 'products': [{'designation': 'Caméra noire', 'qty': 2}]})">backend/tests/test_suivi_cam_materiel.py:164: in test_materiel_nuit_auth
    assert "numero" in el and "products" in el
E   AssertionError: assert ('numero' in {'element': '12', 'products': [{'designation': 'Caméra noire', 'qty': 2}]})</failure></testcase><testcase classname="backend.tests.test_suivi_cam_materiel" name="test_materiel_nuit_terrain" time="0.106" /><testcase classname="backend.tests.test_suivi_cam_materiel" name="test_materiel_nuit_404" time="0.054" /></testsuite></testsuites>