<?xml version="1.0" encoding="utf-8"?><testsuites name="pytest tests"><testsuite name="pytest" errors="0" failures="0" skipped="0" tests="24" time="3.446" timestamp="2026-07-13T01:12:05.925482+00:00" hostname="agent-env-2ae9b630-39fb-4a7b-9528-7b9b3afb12fe"><testcase classname="backend.tests.test_iter21_phase_split" name="test_eeg_products_have_no_camera_or_captana" time="0.535" /><testcase classname="backend.tests.test_iter21_phase_split" name="test_eeg_products_have_no_zero_plan" time="0.000" /><testcase classname="backend.tests.test_iter21_phase_split" name="test_cam_section_exists" time="0.000" /><testcase classname="backend.tests.test_iter21_phase_split" name="test_cam_allees_have_products_list" time="0.000" /><testcase classname="backend.tests.test_iter21_phase_split" name="test_stock_includes_cam_products" time="0.000" /><testcase classname="backend.tests.test_iter21_phase_split" name="test_cam_stock_row_has_positive_prevu" time="0.000" /><testcase classname="backend.tests.test_iter21_phase_split" name="test_patch_allee_still_works" time="0.046" /><testcase classname="backend.tests.test_iter21_phase_split" name="test_patch_cam_allee_still_works" time="0.047" /><testcase classname="backend.tests.test_suivi_deploy" name="test_get_suivi_state_has_products_per_allee" time="0.442" /><testcase classname="backend.tests.test_suivi_deploy" name="test_patch_allee_products_updates_family_aggregate" time="0.120" /><testcase classname="backend.tests.test_suivi_deploy" name="test_patch_allee_geo_gap_alert_and_explanation" time="0.221" /><testcase classname="backend.tests.test_suivi_deploy" name="test_patch_allee_negative_reel_422" time="0.057" /><testcase classname="backend.tests.test_suivi_deploy" name="test_patch_allee_negative_geo_422" time="0.054" /><testcase classname="backend.tests.test_suivi_deploy" name="test_validate_auto_fills_missing_products" time="0.182" /><testcase classname="backend.tests.test_suivi_deploy" name="test_stock_state_shape_per_product" time="0.059" /><testcase classname="backend.tests.test_suivi_deploy" name="test_patch_stock_by_designation_rupture_and_reset" time="0.412" /><testcase classname="backend.tests.test_suivi_deploy" name="test_patch_stock_negative_recu_422" time="0.057" /><testcase classname="backend.tests.test_suivi_deploy" name="test_patch_stock_terrain_public" time="0.324" /><testcase classname="backend.tests.test_suivi_deploy" name="test_patch_allee_nuit_reelle_move_and_reset" time="0.238" /><testcase classname="backend.tests.test_suivi_deploy" name="test_incident_create_and_delete" time="0.163" /><testcase classname="backend.tests.test_suivi_deploy" name="test_incident_empty_text" time="0.055" /><testcase classname="backend.tests.test_suivi_deploy" name="test_rapport_nuit_two_sheets_with_details" time="0.069" /><testcase classname="backend.tests.test_suivi_deploy" name="test_rapport_nuit_404" time="0.056" /><testcase classname="backend.tests.test_suivi_deploy" name="test_regression_phasage_summary" time="0.053" /></testsuite></testsuites>