<?xml version="1.0" encoding="utf-8"?><testsuites name="pytest tests"><testsuite name="pytest" errors="0" failures="0" skipped="0" tests="40" time="10.196" timestamp="2026-07-10T20:44:37.428741+00:00" hostname="agent-env-2ae9b630-39fb-4a7b-9528-7b9b3afb12fe"><testcase classname="backend.tests.test_suivi_deploy" name="test_get_suivi_state" time="0.691" /><testcase classname="backend.tests.test_suivi_deploy" name="test_patch_allee_reel" time="0.103" /><testcase classname="backend.tests.test_suivi_deploy" name="test_patch_allee_nuit_reelle_move_and_reset" time="0.192" /><testcase classname="backend.tests.test_suivi_deploy" name="test_patch_stock_rupture_and_reset" time="0.302" /><testcase classname="backend.tests.test_suivi_deploy" name="test_patch_stock_bad_family" time="0.060" /><testcase classname="backend.tests.test_suivi_deploy" name="test_incident_create_and_delete" time="0.300" /><testcase classname="backend.tests.test_suivi_deploy" name="test_incident_empty_text" time="0.048" /><testcase classname="backend.tests.test_suivi_deploy" name="test_rapport_nuit_ok" time="0.058" /><testcase classname="backend.tests.test_suivi_deploy" name="test_rapport_nuit_404" time="0.052" /><testcase classname="backend.tests.test_suivi_deploy" name="test_replan_400_when_all_validated" time="0.247" /><testcase classname="backend.tests.test_suivi_deploy" name="test_regression_phasage_summary" time="0.049" /><testcase classname="backend.tests.test_suivi_terrain" name="test_terrain_stores_lists_published" time="0.591" /><testcase classname="backend.tests.test_suivi_terrain" name="test_publish_toggle_hides_and_shows" time="0.501" /><testcase classname="backend.tests.test_suivi_terrain" name="test_publish_requires_auth" time="0.109" /><testcase classname="backend.tests.test_suivi_terrain" name="test_chef_state_has_publication" time="0.052" /><testcase classname="backend.tests.test_suivi_terrain" name="test_terrain_state_hides_publication_key" time="0.114" /><testcase classname="backend.tests.test_suivi_terrain" name="test_terrain_state_invalid_upload_id_404" time="0.104" /><testcase classname="backend.tests.test_suivi_terrain" name="test_terrain_patch_geo_gap_and_alert_explanation" time="0.435" /><testcase classname="backend.tests.test_suivi_terrain" name="test_terrain_patch_negative_geo_422" time="0.108" /><testcase classname="backend.tests.test_suivi_terrain" name="test_terrain_photo_upload_get_delete" time="1.260" /><testcase classname="backend.tests.test_suivi_terrain" name="test_auth_photo_endpoints" time="0.569" /><testcase classname="backend.tests.test_suivi_terrain" name="test_terrain_rapport_nuit_has_geo_and_images" time="0.871" /><testcase classname="backend.tests.test_suivi_terrain" name="test_terrain_incident_create_delete" time="0.307" /><testcase classname="backend.tests.test_suivi_terrain" name="test_reset_requires_auth" time="0.102" /><testcase classname="backend.tests.test_suivi_terrain" name="test_reset_by_non_creator_forbidden" time="0.431" /><testcase classname="backend.tests.test_suivi_terrain" name="test_reset_by_creator_clears_data_keeps_publication" time="0.197" /><testcase classname="backend.tests.test_suivi_terrain" name="test_terrain_endpoints_404_when_unpublished" time="0.459" /><testcase classname="backend.tests.test_suivi_cam_materiel" name="test_state_has_cam_section" time="0.443" /><testcase classname="backend.tests.test_suivi_cam_materiel" name="test_patch_allee_cam_auth_geo_gap_alert" time="0.096" /><testcase classname="backend.tests.test_suivi_cam_materiel" name="test_patch_allee_cam_add_comment_clears_needs_explanation" time="0.094" /><testcase classname="backend.tests.test_suivi_cam_materiel" name="test_patch_allee_cam_negative_422" time="0.046" /><testcase classname="backend.tests.test_suivi_cam_materiel" name="test_patch_allee_cam_bad_status_400" time="0.048" /><testcase classname="backend.tests.test_suivi_cam_materiel" name="test_patch_allee_cam_validate_marks_night_complete" time="0.099" /><testcase classname="backend.tests.test_suivi_cam_materiel" name="test_patch_allee_cam_terrain_public" time="0.220" /><testcase classname="backend.tests.test_suivi_cam_materiel" name="test_patch_allee_cam_terrain_negative_422" time="0.114" /><testcase classname="backend.tests.test_suivi_cam_materiel" name="test_materiel_overview_auth" time="0.044" /><testcase classname="backend.tests.test_suivi_cam_materiel" name="test_materiel_overview_terrain" time="0.104" /><testcase classname="backend.tests.test_suivi_cam_materiel" name="test_materiel_nuit_auth" time="0.050" /><testcase classname="backend.tests.test_suivi_cam_materiel" name="test_materiel_nuit_terrain" time="0.113" /><testcase classname="backend.tests.test_suivi_cam_materiel" name="test_materiel_nuit_404" time="0.104" /></testsuite></testsuites>