<?xml version="1.0" encoding="utf-8"?><testsuites name="pytest tests"><testsuite name="pytest" errors="0" failures="1" skipped="0" tests="24" time="2.883" timestamp="2026-07-13T00:35:59.198750+00:00" hostname="agent-env-2ae9b630-39fb-4a7b-9528-7b9b3afb12fe"><testcase classname="tests.test_iter21_phase_split" name="test_eeg_products_have_no_camera_or_captana" time="0.432" /><testcase classname="tests.test_iter21_phase_split" name="test_eeg_products_have_no_zero_plan" time="0.000" /><testcase classname="tests.test_iter21_phase_split" name="test_cam_section_exists" time="0.000" /><testcase classname="tests.test_iter21_phase_split" name="test_cam_allees_have_products_list" time="0.000" /><testcase classname="tests.test_iter21_phase_split" name="test_stock_includes_cam_products" time="0.000" /><testcase classname="tests.test_iter21_phase_split" name="test_cam_stock_row_has_positive_prevu" time="0.000" /><testcase classname="tests.test_iter21_phase_split" name="test_patch_allee_still_works" time="0.044" /><testcase classname="tests.test_iter21_phase_split" name="test_patch_cam_allee_still_works" time="0.042"><failure message="AssertionError: {&quot;detail&quot;:&quot;Not Found&quot;}&#10;assert 404 in (200, 201)&#10; +  where 404 = &lt;Response [404]&gt;.status_code">tests/test_iter21_phase_split.py:112: in test_patch_cam_allee_still_works
    assert r.status_code in (200, 201), r.text
E   AssertionError: {"detail":"Not Found"}
E   assert 404 in (200, 201)
E    +  where 404 = &lt;Response [404]&gt;.status_code</failure></testcase><testcase classname="tests.test_suivi_deploy" name="test_get_suivi_state_has_products_per_allee" time="0.379" /><testcase classname="tests.test_suivi_deploy" name="test_patch_allee_products_updates_family_aggregate" time="0.114" /><testcase classname="tests.test_suivi_deploy" name="test_patch_allee_geo_gap_alert_and_explanation" time="0.197" /><testcase classname="tests.test_suivi_deploy" name="test_patch_allee_negative_reel_422" time="0.046" /><testcase classname="tests.test_suivi_deploy" name="test_patch_allee_negative_geo_422" time="0.045" /><testcase classname="tests.test_suivi_deploy" name="test_validate_auto_fills_missing_products" time="0.141" /><testcase classname="tests.test_suivi_deploy" name="test_stock_state_shape_per_product" time="0.046" /><testcase classname="tests.test_suivi_deploy" name="test_patch_stock_by_designation_rupture_and_reset" time="0.237" /><testcase classname="tests.test_suivi_deploy" name="test_patch_stock_negative_recu_422" time="0.043" /><testcase classname="tests.test_suivi_deploy" name="test_patch_stock_terrain_public" time="0.259" /><testcase classname="tests.test_suivi_deploy" name="test_patch_allee_nuit_reelle_move_and_reset" time="0.180" /><testcase classname="tests.test_suivi_deploy" name="test_incident_create_and_delete" time="0.137" /><testcase classname="tests.test_suivi_deploy" name="test_incident_empty_text" time="0.046" /><testcase classname="tests.test_suivi_deploy" name="test_rapport_nuit_two_sheets_with_details" time="0.061" /><testcase classname="tests.test_suivi_deploy" name="test_rapport_nuit_404" time="0.051" /><testcase classname="tests.test_suivi_deploy" name="test_regression_phasage_summary" time="0.048" /></testsuite></testsuites>