<?xml version="1.0" encoding="utf-8"?><testsuites name="pytest tests"><testsuite name="pytest" errors="0" failures="0" skipped="0" tests="45" time="9.880" timestamp="2026-07-10T21:09:44.842792+00:00" hostname="agent-env-2ae9b630-39fb-4a7b-9528-7b9b3afb12fe"><testcase classname="backend.tests.test_suivi_deploy" name="test_get_suivi_state_has_products_per_allee" time="0.403" /><testcase classname="backend.tests.test_suivi_deploy" name="test_patch_allee_products_updates_family_aggregate" time="0.097" /><testcase classname="backend.tests.test_suivi_deploy" name="test_patch_allee_geo_gap_alert_and_explanation" time="0.192" /><testcase classname="backend.tests.test_suivi_deploy" name="test_patch_allee_negative_reel_422" time="0.046" /><testcase classname="backend.tests.test_suivi_deploy" name="test_patch_allee_negative_geo_422" time="0.046" /><testcase classname="backend.tests.test_suivi_deploy" name="test_validate_auto_fills_missing_products" time="0.145" /><testcase classname="backend.tests.test_suivi_deploy" name="test_stock_state_shape_per_product" time="0.047" /><testcase classname="backend.tests.test_suivi_deploy" name="test_patch_stock_by_designation_rupture_and_reset" time="0.259" /><testcase classname="backend.tests.test_suivi_deploy" name="test_patch_stock_negative_recu_422" time="0.048" /><testcase classname="backend.tests.test_suivi_deploy" name="test_patch_stock_terrain_public" time="0.246" /><testcase classname="backend.tests.test_suivi_deploy" name="test_patch_allee_nuit_reelle_move_and_reset" time="0.196" /><testcase classname="backend.tests.test_suivi_deploy" name="test_incident_create_and_delete" time="0.144" /><testcase classname="backend.tests.test_suivi_deploy" name="test_incident_empty_text" time="0.049" /><testcase classname="backend.tests.test_suivi_deploy" name="test_rapport_nuit_two_sheets_with_details" time="0.059" /><testcase classname="backend.tests.test_suivi_deploy" name="test_rapport_nuit_404" time="0.051" /><testcase classname="backend.tests.test_suivi_deploy" name="test_regression_phasage_summary" time="0.049" /><testcase classname="backend.tests.test_suivi_terrain" name="test_terrain_stores_lists_published" time="0.481" /><testcase classname="backend.tests.test_suivi_terrain" name="test_publish_toggle_hides_and_shows" time="0.393" /><testcase classname="backend.tests.test_suivi_terrain" name="test_publish_requires_auth" time="0.095" /><testcase classname="backend.tests.test_suivi_terrain" name="test_chef_state_has_publication" time="0.045" /><testcase classname="backend.tests.test_suivi_terrain" name="test_terrain_state_hides_publication_key" time="0.123" /><testcase classname="backend.tests.test_suivi_terrain" name="test_terrain_state_invalid_upload_id_404" time="0.102" /><testcase classname="backend.tests.test_suivi_terrain" name="test_terrain_patch_geo_gap_and_alert_explanation" time="0.412" /><testcase classname="backend.tests.test_suivi_terrain" name="test_terrain_patch_negative_geo_422" time="0.094" /><testcase classname="backend.tests.test_suivi_terrain" name="test_terrain_photo_upload_get_delete" time="1.090" /><testcase classname="backend.tests.test_suivi_terrain" name="test_auth_photo_endpoints" time="0.650" /><testcase classname="backend.tests.test_suivi_terrain" name="test_terrain_rapport_nuit_has_geo_and_images" time="0.946" /><testcase classname="backend.tests.test_suivi_terrain" name="test_terrain_incident_create_delete" time="0.327" /><testcase classname="backend.tests.test_suivi_terrain" name="test_reset_requires_auth" time="0.101" /><testcase classname="backend.tests.test_suivi_terrain" name="test_reset_by_non_creator_forbidden" time="0.384" /><testcase classname="backend.tests.test_suivi_terrain" name="test_reset_by_creator_clears_data_keeps_publication" time="0.324" /><testcase classname="backend.tests.test_suivi_terrain" name="test_terrain_endpoints_404_when_unpublished" time="0.447" /><testcase classname="backend.tests.test_suivi_cam_materiel" name="test_state_has_cam_section" time="0.409" /><testcase classname="backend.tests.test_suivi_cam_materiel" name="test_patch_allee_cam_auth_geo_gap_alert" time="0.088" /><testcase classname="backend.tests.test_suivi_cam_materiel" name="test_patch_allee_cam_add_comment_clears_needs_explanation" time="0.090" /><testcase classname="backend.tests.test_suivi_cam_materiel" name="test_patch_allee_cam_negative_422" time="0.045" /><testcase classname="backend.tests.test_suivi_cam_materiel" name="test_patch_allee_cam_bad_status_400" time="0.082" /><testcase classname="backend.tests.test_suivi_cam_materiel" name="test_patch_allee_cam_validate_marks_night_complete" time="0.093" /><testcase classname="backend.tests.test_suivi_cam_materiel" name="test_patch_allee_cam_terrain_public" time="0.196" /><testcase classname="backend.tests.test_suivi_cam_materiel" name="test_patch_allee_cam_terrain_negative_422" time="0.093" /><testcase classname="backend.tests.test_suivi_cam_materiel" name="test_materiel_overview_auth" time="0.045" /><testcase classname="backend.tests.test_suivi_cam_materiel" name="test_materiel_overview_terrain" time="0.101" /><testcase classname="backend.tests.test_suivi_cam_materiel" name="test_materiel_nuit_auth" time="0.044" /><testcase classname="backend.tests.test_suivi_cam_materiel" name="test_materiel_nuit_terrain" time="0.100" /><testcase classname="backend.tests.test_suivi_cam_materiel" name="test_materiel_nuit_404" time="0.087" /></testsuite></testsuites>