<?xml version="1.0" encoding="utf-8"?><testsuites name="pytest tests"><testsuite name="pytest" errors="0" failures="0" skipped="0" tests="15" time="1.550" timestamp="2026-07-13T16:14:51.893306+00:00" hostname="agent-env-2ae9b630-39fb-4a7b-9528-7b9b3afb12fe"><testcase classname="tests.test_iter29_suivi_seasonal_zones" name="test_apply_seasonal_zones_injects_synthetic_products" time="0.000" /><testcase classname="tests.test_iter29_suivi_seasonal_zones" name="test_compute_node_sa_install_zone_returns_full_split" time="0.000" /><testcase classname="tests.test_iter29_suivi_seasonal_zones" name="test_zones_saisonnieres_added_to_es_rows_are_detectable" time="0.000" /><testcase classname="tests.test_iter29_e2e_suivi_seasonal_zones" name="test_suivi_state_contains_zs_with_correct_split" time="0.579" /><testcase classname="tests.test_iter29_e2e_suivi_seasonal_zones" name="test_materiel_nuit_eeg_contains_zs_synthetic_products" time="0.060" /><testcase classname="tests.test_iter29_e2e_suivi_seasonal_zones" name="test_zs_not_filtered_when_sa_install_disabled" time="0.209" /><testcase classname="tests.test_iter29_e2e_suivi_seasonal_zones" name="test_stats_eeg_prevues_includes_zs" time="0.050" /><testcase classname="tests.test_iter28_zone_saisonniere_sa_mag" name="test_compute_node_sa_install_zone_returns_split" time="0.000" /><testcase classname="tests.test_iter28_zone_saisonniere_sa_mag" name="test_node_sa_total_zone_returns_sum" time="0.000" /><testcase classname="tests.test_iter28_zone_saisonniere_sa_mag" name="test_zone_saisonniere_sa_mag_is_zero" time="0.000" /><testcase classname="tests.test_iter28_zone_saisonniere_sa_mag" name="test_zone_saisonniere_populates_sa_inst_15_and_21" time="0.000" /><testcase classname="tests.test_iter28_zone_saisonniere_sa_mag" name="test_zone_saisonniere_2zs_sums_sa_inst" time="0.000" /><testcase classname="tests.test_iter28_zone_saisonniere_sa_mag" name="test_zone_saisonniere_eeg_es_sa_total_is_2000_per_zone" time="0.000" /><testcase classname="tests.test_iter28_zone_saisonniere_sa_mag" name="test_nights_beyond_nb_nuits_are_present" time="0.000" /><testcase classname="tests.test_iter28_zone_saisonniere_sa_mag" name="test_zs_sizes_from_summary" time="0.000" /></testsuite></testsuites>