<?xml version="1.0" encoding="utf-8"?><testsuites name="pytest tests"><testsuite name="pytest" errors="0" failures="0" skipped="0" tests="20" time="1.933" timestamp="2026-07-19T20:33:43.203185+00:00" hostname="agent-env-2ae9b630-39fb-4a7b-9528-7b9b3afb12fe"><testcase classname="backend.tests.test_iter31_geo_split" name="test_suivi_dataset_geo_keys" time="0.494" /><testcase classname="backend.tests.test_iter31_geo_split" name="test_materiel_nuit_sa15_is_geo" time="0.048" /><testcase classname="backend.tests.test_iter31_geo_split" name="test_materiel_nuit_es15_not_geo" time="0.047" /><testcase classname="backend.tests.test_iter31_geo_split" name="test_all_nights_family_classification" time="0.467" /><testcase classname="backend.tests.test_iter31_geo_split" name="test_allee_level_ecarts_have_family_and_is_geo" time="0.058" /><testcase classname="backend.tests.test_iter31_geo_split" name="test_rapport_nuit_excel_generation" time="0.060" /><testcase classname="backend.tests.test_iter31_geo_split" name="test_backend_regression_suivi_endpoint" time="0.056" /><testcase classname="backend.tests.test_iter28_zone_saisonniere_sa_mag" name="test_compute_node_sa_install_zone_returns_split" time="0.000" /><testcase classname="backend.tests.test_iter28_zone_saisonniere_sa_mag" name="test_node_sa_total_zone_returns_sum" time="0.000" /><testcase classname="backend.tests.test_iter28_zone_saisonniere_sa_mag" name="test_zone_saisonniere_sa_mag_is_zero" time="0.000" /><testcase classname="backend.tests.test_iter28_zone_saisonniere_sa_mag" name="test_zone_saisonniere_populates_sa_inst_15_and_21" time="0.000" /><testcase classname="backend.tests.test_iter28_zone_saisonniere_sa_mag" name="test_zone_saisonniere_2zs_sums_sa_inst" time="0.000" /><testcase classname="backend.tests.test_iter28_zone_saisonniere_sa_mag" name="test_zone_saisonniere_eeg_es_sa_total_is_2000_per_zone" time="0.000" /><testcase classname="backend.tests.test_iter28_zone_saisonniere_sa_mag" name="test_nights_beyond_nb_nuits_are_present" time="0.000" /><testcase classname="backend.tests.test_iter28_zone_saisonniere_sa_mag" name="test_zs_sizes_from_summary" time="0.000" /><testcase classname="backend.tests.test_iter29_suivi_seasonal_zones" name="test_apply_seasonal_zones_injects_synthetic_products" time="0.000" /><testcase classname="backend.tests.test_iter29_suivi_seasonal_zones" name="test_compute_node_sa_install_zone_returns_full_split" time="0.000" /><testcase classname="backend.tests.test_iter29_suivi_seasonal_zones" name="test_zones_saisonnieres_added_to_es_rows_are_detectable" time="0.000" /><testcase classname="backend.tests.test_iter30_phasage_recap_totals" name="test_recap_total_matches_sum_of_rows_with_seasonal_zones" time="0.000" /><testcase classname="backend.tests.test_iter30_phasage_recap_totals" name="test_recap_total_no_seasonal_zones" time="0.000" /></testsuite></testsuites>