<?xml version="1.0" encoding="utf-8"?><testsuites name="pytest tests"><testsuite name="pytest" errors="0" failures="1" skipped="0" tests="11" time="14.094" timestamp="2026-06-06T00:23:38.690653+00:00" hostname="agent-env-87347564-1d19-4d0e-b22b-cdcd7a797d89"><testcase classname="backend.tests.test_pptx_export_e2e.TestActivity" name="test_activity_returns_200" time="0.778" /><testcase classname="backend.tests.test_pptx_export_e2e.TestActivity" name="test_activity_unauthenticated" time="0.106" /><testcase classname="backend.tests.test_pptx_export_e2e.TestActivity" name="test_activity_unknown_dataset" time="0.059" /><testcase classname="backend.tests.test_pptx_export_e2e.TestStoreInfo" name="test_patch_persists_all_fields" time="0.243" /><testcase classname="backend.tests.test_pptx_export_e2e.TestStoreInfo" name="test_patch_invalid_vt_start_date" time="0.083" /><testcase classname="backend.tests.test_pptx_export_e2e.TestStoreInfo" name="test_patch_invalid_date_format_2" time="0.100"><failure message="assert 200 == 400&#10; +  where 200 = &lt;Response [200]&gt;.status_code">backend/tests/test_pptx_export_e2e.py:109: in test_patch_invalid_date_format_2
    assert r.status_code == 400
E   assert 200 == 400
E    +  where 200 = &lt;Response [200]&gt;.status_code</failure></testcase><testcase classname="backend.tests.test_pptx_export_e2e.TestStoreInfo" name="test_patch_empty_payload" time="0.062" /><testcase classname="backend.tests.test_pptx_export_e2e.TestStoreInfo" name="test_patch_unauthenticated" time="0.108" /><testcase classname="backend.tests.test_pptx_export_e2e.TestExportPptx" name="test_pptx_download_ok" time="12.175" /><testcase classname="backend.tests.test_pptx_export_e2e.TestExportPptx" name="test_pptx_unauthenticated" time="0.125" /><testcase classname="backend.tests.test_pptx_export_e2e.TestExportPptx" name="test_pptx_unknown_dataset" time="0.068" /></testsuite></testsuites>