<?xml version="1.0" encoding="utf-8"?><testsuites name="pytest tests"><testsuite name="pytest" errors="0" failures="0" skipped="0" tests="10" time="1.542" timestamp="2026-05-25T19:55:12.742620+00:00" hostname="agent-env-87347564-1d19-4d0e-b22b-cdcd7a797d89"><testcase classname="backend.tests.test_phasage_new_tabs.TestPhasageSummary" name="test_summary_has_nested_phasage" time="0.350" /><testcase classname="backend.tests.test_phasage_new_tabs.TestPhasageSummary" name="test_summary_totals_cameras_positive" time="0.057" /><testcase classname="backend.tests.test_phasage_new_tabs.TestPhasagePatch" name="test_patch_nested_persists" time="0.182" /><testcase classname="backend.tests.test_phasage_new_tabs.TestExport" name="test_export_all_contains_sheets" time="0.177" /><testcase classname="backend.tests.test_phasage_new_tabs.TestExport" name="test_export_all_no_banned_formulas" time="0.127" /><testcase classname="backend.tests.test_phasage_new_tabs.TestExport" name="test_export_single_sheet[phasage_cam-Phasage cam\xe9ras]" time="0.071" /><testcase classname="backend.tests.test_phasage_new_tabs.TestExport" name="test_export_single_sheet[phasage_full-Phasage full]" time="0.065" /><testcase classname="backend.tests.test_phasage_new_tabs.TestExport" name="test_export_single_sheet[suivi-Suivi phasage]" time="0.066" /><testcase classname="backend.tests.test_phasage_new_tabs.TestExport" name="test_export_phasage_cam_formulas" time="0.072" /><testcase classname="backend.tests.test_phasage_new_tabs.TestExport" name="test_export_suivi_diff_formulas" time="0.081" /></testsuite></testsuites>