<?xml version="1.0" encoding="utf-8"?><testsuites name="pytest tests"><testsuite name="pytest" errors="0" failures="0" skipped="0" tests="25" time="23.768" timestamp="2026-05-21T22:30:12.485699+00:00" hostname="agent-env-87347564-1d19-4d0e-b22b-cdcd7a797d89"><testcase classname="backend.tests.test_recap_row_edit.TestPatchRecapRow" name="test_patch_empty_to_manual" time="5.925" /><testcase classname="backend.tests.test_recap_row_edit.TestPatchRecapRow" name="test_patch_manual_back_to_empty" time="1.287" /><testcase classname="backend.tests.test_recap_row_edit.TestPatchRecapRow" name="test_patch_non_editable_returns_400[header]" time="0.959" /><testcase classname="backend.tests.test_recap_row_edit.TestPatchRecapRow" name="test_patch_non_editable_returns_400[spare]" time="1.081" /><testcase classname="backend.tests.test_recap_row_edit.TestPatchRecapRow" name="test_patch_non_editable_returns_400[inclineur]" time="1.077" /><testcase classname="backend.tests.test_recap_row_edit.TestPatchRecapRow" name="test_patch_non_editable_returns_400[product]" time="1.001" /><testcase classname="backend.tests.test_recap_row_edit.TestPatchRecapRow" name="test_patch_unknown_upload_id_returns_404" time="0.119" /><testcase classname="backend.tests.test_recap_row_edit.TestPatchRecapRow" name="test_patch_index_out_of_bounds_returns_404" time="0.236" /><testcase classname="backend.tests.test_recap_row_edit.TestAddRecapRow" name="test_post_adds_empty_row_at_end" time="1.894" /><testcase classname="backend.tests.test_recap_row_edit.TestAddRecapRow" name="test_post_unknown_upload_id_returns_404" time="0.130" /><testcase classname="backend.tests.test_recap_row_edit.TestDeleteRecapRow" name="test_delete_empty_row" time="2.079" /><testcase classname="backend.tests.test_recap_row_edit.TestDeleteRecapRow" name="test_delete_manual_row" time="0.395" /><testcase classname="backend.tests.test_recap_row_edit.TestDeleteRecapRow" name="test_delete_non_deletable_returns_400[header]" time="1.002" /><testcase classname="backend.tests.test_recap_row_edit.TestDeleteRecapRow" name="test_delete_non_deletable_returns_400[spare]" time="0.964" /><testcase classname="backend.tests.test_recap_row_edit.TestDeleteRecapRow" name="test_delete_non_deletable_returns_400[inclineur]" time="0.985" /><testcase classname="backend.tests.test_recap_row_edit.TestDeleteRecapRow" name="test_delete_non_deletable_returns_400[product]" time="1.047" /><testcase classname="backend.tests.test_recap_row_edit.TestDeleteRecapRow" name="test_delete_invalid_index_returns_404" time="0.236" /><testcase classname="backend.tests.test_recap_row_edit.TestDeleteRecapRow" name="test_delete_unknown_upload_id_returns_404" time="0.148" /><testcase classname="backend.tests.test_recap_row_edit.TestQuantiteParsing" name="test_quantite_conversion[42-42.0_0]" time="0.397" /><testcase classname="backend.tests.test_recap_row_edit.TestQuantiteParsing" name="test_quantite_conversion[42.5-42.5_0]" time="0.359" /><testcase classname="backend.tests.test_recap_row_edit.TestQuantiteParsing" name="test_quantite_conversion[42,5-42.5]" time="0.350" /><testcase classname="backend.tests.test_recap_row_edit.TestQuantiteParsing" name="test_quantite_conversion[1 000-1000.0]" time="0.345" /><testcase classname="backend.tests.test_recap_row_edit.TestQuantiteParsing" name="test_quantite_conversion[42-42.0_1]" time="0.586" /><testcase classname="backend.tests.test_recap_row_edit.TestQuantiteParsing" name="test_quantite_conversion[42.5-42.5_1]" time="0.387" /><testcase classname="backend.tests.test_recap_row_edit.TestExportReflectsEdits" name="test_export_recap_contains_manual_row" time="0.495" /></testsuite></testsuites>