<?xml version="1.0" encoding="utf-8"?><testsuites name="pytest tests"><testsuite name="pytest" errors="0" failures="2" skipped="0" tests="41" time="32.789" timestamp="2026-05-21T22:27:58.963563+00:00" hostname="agent-env-87347564-1d19-4d0e-b22b-cdcd7a797d89"><testcase classname="backend.tests.test_recap_row_edit.TestPatchRecapRow" name="test_patch_empty_to_manual" time="6.591" /><testcase classname="backend.tests.test_recap_row_edit.TestPatchRecapRow" name="test_patch_manual_back_to_empty" time="1.291" /><testcase classname="backend.tests.test_recap_row_edit.TestPatchRecapRow" name="test_patch_non_editable_returns_400[header]" time="0.967" /><testcase classname="backend.tests.test_recap_row_edit.TestPatchRecapRow" name="test_patch_non_editable_returns_400[spare]" time="1.031" /><testcase classname="backend.tests.test_recap_row_edit.TestPatchRecapRow" name="test_patch_non_editable_returns_400[inclineur]" time="1.026" /><testcase classname="backend.tests.test_recap_row_edit.TestPatchRecapRow" name="test_patch_non_editable_returns_400[product]" time="0.995" /><testcase classname="backend.tests.test_recap_row_edit.TestPatchRecapRow" name="test_patch_unknown_upload_id_returns_404" time="0.127" /><testcase classname="backend.tests.test_recap_row_edit.TestPatchRecapRow" name="test_patch_index_out_of_bounds_returns_404" time="0.272" /><testcase classname="backend.tests.test_recap_row_edit.TestAddRecapRow" name="test_post_adds_empty_row_at_end" time="1.876" /><testcase classname="backend.tests.test_recap_row_edit.TestAddRecapRow" name="test_post_unknown_upload_id_returns_404" time="0.105" /><testcase classname="backend.tests.test_recap_row_edit.TestDeleteRecapRow" name="test_delete_empty_row" time="2.124" /><testcase classname="backend.tests.test_recap_row_edit.TestDeleteRecapRow" name="test_delete_manual_row" time="0.447" /><testcase classname="backend.tests.test_recap_row_edit.TestDeleteRecapRow" name="test_delete_non_deletable_returns_400[header]" time="1.045" /><testcase classname="backend.tests.test_recap_row_edit.TestDeleteRecapRow" name="test_delete_non_deletable_returns_400[spare]" time="0.970" /><testcase classname="backend.tests.test_recap_row_edit.TestDeleteRecapRow" name="test_delete_non_deletable_returns_400[inclineur]" time="1.069" /><testcase classname="backend.tests.test_recap_row_edit.TestDeleteRecapRow" name="test_delete_non_deletable_returns_400[product]" time="0.965" /><testcase classname="backend.tests.test_recap_row_edit.TestDeleteRecapRow" name="test_delete_invalid_index_returns_404" time="0.231" /><testcase classname="backend.tests.test_recap_row_edit.TestDeleteRecapRow" name="test_delete_unknown_upload_id_returns_404" time="0.107" /><testcase classname="backend.tests.test_recap_row_edit.TestQuantiteParsing" name="test_quantite_conversion[42-42.0_0]" time="0.400" /><testcase classname="backend.tests.test_recap_row_edit.TestQuantiteParsing" name="test_quantite_conversion[42.5-42.5_0]" time="0.350" /><testcase classname="backend.tests.test_recap_row_edit.TestQuantiteParsing" name="test_quantite_conversion[42,5-42.5]" time="0.392" /><testcase classname="backend.tests.test_recap_row_edit.TestQuantiteParsing" name="test_quantite_conversion[1 000-1000.0]" time="0.483" /><testcase classname="backend.tests.test_recap_row_edit.TestQuantiteParsing" name="test_quantite_conversion[42-42.0_1]" time="0.291"><failure message="AssertionError: {&quot;detail&quot;:[{&quot;type&quot;:&quot;string_type&quot;,&quot;loc&quot;:[&quot;body&quot;,&quot;quantite&quot;],&quot;msg&quot;:&quot;Input should be a valid string&quot;,&quot;input&quot;:42,&quot;url&quot;:&quot;https://errors.pydantic.dev/2.13/v/string_type&quot;}]}&#10;assert 422 == 200&#10; +  where 422 = &lt;Response [422]&gt;.status_code">backend/tests/test_recap_row_edit.py:216: in test_quantite_conversion
    assert r.status_code == 200, r.text[:300]
E   AssertionError: {"detail":[{"type":"string_type","loc":["body","quantite"],"msg":"Input should be a valid string","input":42,"url":"https://errors.pydantic.dev/2.13/v/string_type"}]}
E   assert 422 == 200
E    +  where 422 = &lt;Response [422]&gt;.status_code</failure></testcase><testcase classname="backend.tests.test_recap_row_edit.TestQuantiteParsing" name="test_quantite_conversion[42.5-42.5_1]" time="0.225"><failure message="AssertionError: {&quot;detail&quot;:[{&quot;type&quot;:&quot;string_type&quot;,&quot;loc&quot;:[&quot;body&quot;,&quot;quantite&quot;],&quot;msg&quot;:&quot;Input should be a valid string&quot;,&quot;input&quot;:42.5,&quot;url&quot;:&quot;https://errors.pydantic.dev/2.13/v/string_type&quot;}]}&#10;assert 422 == 200&#10; +  where 422 = &lt;Response [422]&gt;.status_code">backend/tests/test_recap_row_edit.py:216: in test_quantite_conversion
    assert r.status_code == 200, r.text[:300]
E   AssertionError: {"detail":[{"type":"string_type","loc":["body","quantite"],"msg":"Input should be a valid string","input":42.5,"url":"https://errors.pydantic.dev/2.13/v/string_type"}]}
E   assert 422 == 200
E    +  where 422 = &lt;Response [422]&gt;.status_code</failure></testcase><testcase classname="backend.tests.test_recap_row_edit.TestExportReflectsEdits" name="test_export_recap_contains_manual_row" time="0.581" /><testcase classname="backend.tests.test_excel_inventory.TestHealth" name="test_root" time="0.148" /><testcase classname="backend.tests.test_excel_inventory.TestUploadExcel" name="test_upload_returns_required_fields" time="4.027" /><testcase classname="backend.tests.test_excel_inventory.TestUploadExcel" name="test_row_count_19780" time="0.000" /><testcase classname="backend.tests.test_excel_inventory.TestUploadExcel" name="test_raw_count_matches" time="0.000" /><testcase classname="backend.tests.test_excel_inventory.TestUploadExcel" name="test_recap_total_eeg_76366" time="0.000" /><testcase classname="backend.tests.test_excel_inventory.TestUploadExcel" name="test_recap_spare_lines" time="0.000" /><testcase classname="backend.tests.test_excel_inventory.TestUploadExcel" name="test_recap_inclineur_rail_9669" time="0.000" /><testcase classname="backend.tests.test_excel_inventory.TestUploadExcel" name="test_recap_three_empty_lines" time="0.000" /><testcase classname="backend.tests.test_excel_inventory.TestUploadExcel" name="test_secteur_rows_154" time="0.000" /><testcase classname="backend.tests.test_excel_inventory.TestUploadExcel" name="test_secteur_fields_present" time="0.000" /><testcase classname="backend.tests.test_excel_inventory.TestDataset" name="test_get_dataset" time="0.908" /><testcase classname="backend.tests.test_excel_inventory.TestDataset" name="test_get_dataset_not_found" time="0.120" /><testcase classname="backend.tests.test_excel_inventory.TestExport" name="test_export_all_three_sheets" time="2.863" /><testcase classname="backend.tests.test_excel_inventory.TestExport" name="test_export_not_found" time="0.140" /><testcase classname="backend.tests.test_excel_inventory.TestErrorHandling" name="test_upload_non_excel_returns_400" time="0.111" /><testcase classname="backend.tests.test_excel_inventory.TestErrorHandling" name="test_upload_excel_missing_columns_returns_400" time="0.164" /></testsuite></testsuites>