<?xml version="1.0" encoding="utf-8"?><testsuites name="pytest tests"><testsuite name="pytest" errors="0" failures="0" skipped="0" tests="6" time="1.337" timestamp="2026-07-06T10:54:53.804584+00:00" hostname="agent-env-2ae9b630-39fb-4a7b-9528-7b9b3afb12fe"><testcase classname="backend.tests.test_step2_validation_cache.TestStep2Validation" name="test_initial_state_blocks" time="0.604" /><testcase classname="backend.tests.test_step2_validation_cache.TestStep2Validation" name="test_patch_surface_then_get_immediately_reflects" time="0.128" /><testcase classname="backend.tests.test_step2_validation_cache.TestStep2Validation" name="test_patch_dongles_then_get_immediately_reflects" time="0.087" /><testcase classname="backend.tests.test_step2_validation_cache.TestStep2Validation" name="test_full_step2_ok_after_both_patches" time="0.043" /><testcase classname="backend.tests.test_step2_validation_cache.TestStep2Validation" name="test_surface_moins_10000_also_reflects" time="0.089" /><testcase classname="backend.tests.test_step2_validation_cache.TestStep2Validation" name="test_dongles_zero_blocks_again" time="0.131" /></testsuite></testsuites>