<?xml version="1.0" encoding="utf-8"?><testsuites name="pytest tests"><testsuite name="pytest" errors="0" failures="0" skipped="0" tests="20" time="6.719" timestamp="2026-07-10T15:44:26.088492+00:00" hostname="agent-env-2ae9b630-39fb-4a7b-9528-7b9b3afb12fe"><testcase classname="backend.tests.test_suivi_terrain" name="test_terrain_share_toggle_disable_and_reenable" time="1.011" /><testcase classname="backend.tests.test_suivi_terrain" name="test_terrain_state_hides_terrain_key" time="0.152" /><testcase classname="backend.tests.test_suivi_terrain" name="test_terrain_state_invalid_token" time="0.106" /><testcase classname="backend.tests.test_suivi_terrain" name="test_terrain_patch_geo_gap_and_alert_explanation" time="0.507" /><testcase classname="backend.tests.test_suivi_terrain" name="test_terrain_patch_negative_geo_422" time="0.114" /><testcase classname="backend.tests.test_suivi_terrain" name="test_terrain_photo_upload_get_delete" time="1.135" /><testcase classname="backend.tests.test_suivi_terrain" name="test_auth_photo_endpoints" time="0.463" /><testcase classname="backend.tests.test_suivi_terrain" name="test_terrain_rapport_nuit_has_geo_and_images" time="0.902" /><testcase classname="backend.tests.test_suivi_terrain" name="test_terrain_incident_create_delete" time="0.393" /><testcase classname="backend.tests.test_suivi_deploy" name="test_get_suivi_state" time="0.388" /><testcase classname="backend.tests.test_suivi_deploy" name="test_patch_allee_reel" time="0.099" /><testcase classname="backend.tests.test_suivi_deploy" name="test_patch_allee_nuit_reelle_move_and_reset" time="0.188" /><testcase classname="backend.tests.test_suivi_deploy" name="test_patch_stock_rupture_and_reset" time="0.295" /><testcase classname="backend.tests.test_suivi_deploy" name="test_patch_stock_bad_family" time="0.049" /><testcase classname="backend.tests.test_suivi_deploy" name="test_incident_create_and_delete" time="0.197" /><testcase classname="backend.tests.test_suivi_deploy" name="test_incident_empty_text" time="0.047" /><testcase classname="backend.tests.test_suivi_deploy" name="test_rapport_nuit_ok" time="0.139" /><testcase classname="backend.tests.test_suivi_deploy" name="test_rapport_nuit_404" time="0.050" /><testcase classname="backend.tests.test_suivi_deploy" name="test_replan_400_when_all_validated" time="0.099" /><testcase classname="backend.tests.test_suivi_deploy" name="test_regression_phasage_summary" time="0.101" /></testsuite></testsuites>