<?xml version="1.0" encoding="utf-8"?><testsuites name="pytest tests"><testsuite name="pytest" errors="0" failures="0" skipped="0" tests="33" time="8.359" timestamp="2026-07-10T16:04:48.273301+00:00" hostname="agent-env-2ae9b630-39fb-4a7b-9528-7b9b3afb12fe"><testcase classname="backend.tests.test_suivi_deploy" name="test_get_suivi_state" time="0.524" /><testcase classname="backend.tests.test_suivi_deploy" name="test_patch_allee_reel" time="0.108" /><testcase classname="backend.tests.test_suivi_deploy" name="test_patch_allee_nuit_reelle_move_and_reset" time="0.206" /><testcase classname="backend.tests.test_suivi_deploy" name="test_patch_stock_rupture_and_reset" time="0.306" /><testcase classname="backend.tests.test_suivi_deploy" name="test_patch_stock_bad_family" time="0.053" /><testcase classname="backend.tests.test_suivi_deploy" name="test_incident_create_and_delete" time="0.235" /><testcase classname="backend.tests.test_suivi_deploy" name="test_incident_empty_text" time="0.066" /><testcase classname="backend.tests.test_suivi_deploy" name="test_rapport_nuit_ok" time="0.360" /><testcase classname="backend.tests.test_suivi_deploy" name="test_rapport_nuit_404" time="0.058" /><testcase classname="backend.tests.test_suivi_deploy" name="test_replan_400_when_all_validated" time="0.100" /><testcase classname="backend.tests.test_suivi_deploy" name="test_regression_phasage_summary" time="0.053" /><testcase classname="backend.tests.test_suivi_terrain" name="test_terrain_share_toggle_disable_and_reenable" time="0.812" /><testcase classname="backend.tests.test_suivi_terrain" name="test_terrain_state_hides_terrain_key" time="0.189" /><testcase classname="backend.tests.test_suivi_terrain" name="test_terrain_state_invalid_token" time="0.106" /><testcase classname="backend.tests.test_suivi_terrain" name="test_terrain_patch_geo_gap_and_alert_explanation" time="0.530" /><testcase classname="backend.tests.test_suivi_terrain" name="test_terrain_patch_negative_geo_422" time="0.110" /><testcase classname="backend.tests.test_suivi_terrain" name="test_terrain_photo_upload_get_delete" time="0.978" /><testcase classname="backend.tests.test_suivi_terrain" name="test_auth_photo_endpoints" time="0.453" /><testcase classname="backend.tests.test_suivi_terrain" name="test_terrain_rapport_nuit_has_geo_and_images" time="0.785" /><testcase classname="backend.tests.test_suivi_terrain" name="test_terrain_incident_create_delete" time="0.337" /><testcase classname="backend.tests.test_suivi_cam_materiel" name="test_state_has_cam_section" time="0.410" /><testcase classname="backend.tests.test_suivi_cam_materiel" name="test_patch_allee_cam_auth_geo_gap_alert" time="0.115" /><testcase classname="backend.tests.test_suivi_cam_materiel" name="test_patch_allee_cam_add_comment_clears_needs_explanation" time="0.146" /><testcase classname="backend.tests.test_suivi_cam_materiel" name="test_patch_allee_cam_negative_422" time="0.069" /><testcase classname="backend.tests.test_suivi_cam_materiel" name="test_patch_allee_cam_bad_status_400" time="0.059" /><testcase classname="backend.tests.test_suivi_cam_materiel" name="test_patch_allee_cam_validate_marks_night_complete" time="0.123" /><testcase classname="backend.tests.test_suivi_cam_materiel" name="test_patch_allee_cam_terrain_public" time="0.281" /><testcase classname="backend.tests.test_suivi_cam_materiel" name="test_patch_allee_cam_terrain_negative_422" time="0.103" /><testcase classname="backend.tests.test_suivi_cam_materiel" name="test_materiel_overview_auth" time="0.058" /><testcase classname="backend.tests.test_suivi_cam_materiel" name="test_materiel_overview_terrain" time="0.106" /><testcase classname="backend.tests.test_suivi_cam_materiel" name="test_materiel_nuit_auth" time="0.056" /><testcase classname="backend.tests.test_suivi_cam_materiel" name="test_materiel_nuit_terrain" time="0.104" /><testcase classname="backend.tests.test_suivi_cam_materiel" name="test_materiel_nuit_404" time="0.073" /></testsuite></testsuites>