<?xml version="1.0" encoding="utf-8"?><testsuites name="pytest tests"><testsuite name="pytest" errors="0" failures="0" skipped="0" tests="11" time="2.003" timestamp="2026-07-10T15:19:16.043063+00:00" hostname="agent-env-2ae9b630-39fb-4a7b-9528-7b9b3afb12fe"><testcase classname="backend.tests.test_suivi_deploy" name="test_get_suivi_state" time="0.607" /><testcase classname="backend.tests.test_suivi_deploy" name="test_patch_allee_reel" time="0.096" /><testcase classname="backend.tests.test_suivi_deploy" name="test_patch_allee_nuit_reelle_move_and_reset" time="0.192" /><testcase classname="backend.tests.test_suivi_deploy" name="test_patch_stock_rupture_and_reset" time="0.292" /><testcase classname="backend.tests.test_suivi_deploy" name="test_patch_stock_bad_family" time="0.052" /><testcase classname="backend.tests.test_suivi_deploy" name="test_incident_create_and_delete" time="0.188" /><testcase classname="backend.tests.test_suivi_deploy" name="test_incident_empty_text" time="0.046" /><testcase classname="backend.tests.test_suivi_deploy" name="test_rapport_nuit_ok" time="0.049" /><testcase classname="backend.tests.test_suivi_deploy" name="test_rapport_nuit_404" time="0.047" /><testcase classname="backend.tests.test_suivi_deploy" name="test_replan_400_when_all_validated" time="0.095" /><testcase classname="backend.tests.test_suivi_deploy" name="test_regression_phasage_summary" time="0.048" /></testsuite></testsuites>