<?xml version="1.0" encoding="utf-8"?><testsuites name="pytest tests"><testsuite name="pytest" errors="0" failures="0" skipped="0" tests="8" time="12.728" timestamp="2026-06-06T02:02:45.804667+00:00" hostname="agent-env-87347564-1d19-4d0e-b22b-cdcd7a797d89"><testcase classname="backend.tests.test_export_carrefour.TestRemovedEndpoints" name="test_export_pptx_endpoint_removed" time="0.553" /><testcase classname="backend.tests.test_export_carrefour.TestRemovedEndpoints" name="test_store_info_patch_endpoint_removed" time="0.050" /><testcase classname="backend.tests.test_export_carrefour.TestExcelRTR" name="test_excel_rtr_download_and_tabs" time="5.647" /><testcase classname="backend.tests.test_export_carrefour.TestExcelRTR" name="test_phasage_full_has_10_cols_and_nuit_white" time="5.821" /><testcase classname="backend.tests.test_export_carrefour.TestExcelCarrefour" name="test_tabs_exact_and_ordered" time="0.143" /><testcase classname="backend.tests.test_export_carrefour.TestExcelCarrefour" name="test_no_hidden_helper_sheets" time="0.027" /><testcase classname="backend.tests.test_export_carrefour.TestExcelCarrefour" name="test_recap_complet_columns_and_nuit_white" time="0.023" /><testcase classname="backend.tests.test_export_carrefour.TestActivity" name="test_activity_records_carrefour_download" time="0.191" /></testsuite></testsuites>